C:\MK_WORKPLACE\C++\HELLOWORLD\HELLOWORLD\DEBUG\HELLOWORLD.OBJ
C:\MK_WORKPLACE\C++\HELLOWORLD\HELLOWORLD\DEBUG\VC110.PDB
C:\MK_WORKPLACE\C++\HELLOWORLD\DEBUG\HELLOWORLD.ILK
C:\MK_WORKPLACE\C++\HELLOWORLD\DEBUG\HELLOWORLD.EXE
C:\MK_WORKPLACE\C++\HELLOWORLD\DEBUG\HELLOWORLD.PDB
C:\MK_Workplace\C++\HelloWorld\HelloWorld\Debug\HelloWorld.obj
C:\MK_Workplace\C++\HelloWorld\HelloWorld\Debug\cl.command.1.tlog
C:\MK_Workplace\C++\HelloWorld\HelloWorld\Debug\CL.read.1.tlog
C:\MK_Workplace\C++\HelloWorld\HelloWorld\Debug\CL.write.1.tlog
C:\MK_Workplace\C++\HelloWorld\HelloWorld\Debug\link-cvtres.read.1.tlog
C:\MK_Workplace\C++\HelloWorld\HelloWorld\Debug\link-cvtres.write.1.tlog
C:\MK_Workplace\C++\HelloWorld\HelloWorld\Debug\link-rc.read.1.tlog
C:\MK_Workplace\C++\HelloWorld\HelloWorld\Debug\link-rc.write.1.tlog
C:\MK_Workplace\C++\HelloWorld\HelloWorld\Debug\link.command.1.tlog
C:\MK_Workplace\C++\HelloWorld\HelloWorld\Debug\link.read.1.tlog
C:\MK_Workplace\C++\HelloWorld\HelloWorld\Debug\link.write.1.tlog
C:\MK_Workplace\C++\HelloWorld\HelloWorld\Debug\vc110.idb
C:\MK_Workplace\C++\HelloWorld\HelloWorld\Debug\vc110.pdb
C:\MK_Workplace\C++\HelloWorld\Debug\HelloWorld.pdb
C:\MK_Workplace\C++\HelloWorld\Debug\HelloWorld.exe
C:\MK_Workplace\C++\HelloWorld\Debug\HelloWorld.ilk
